[debug] [2024-04-22T21:03:41.498Z] ----------------------------------------------------------------------
[debug] [2024-04-22T21:03:41.503Z] Command:       C:\Program Files\nodejs\node.exe C:\Users\sheik\AppData\Roaming\npm\node_modules\firebase-tools\lib\bin\firebase.js init
[debug] [2024-04-22T21:03:41.504Z] CLI Version:   13.7.3
[debug] [2024-04-22T21:03:41.505Z] Platform:      win32
[debug] [2024-04-22T21:03:41.505Z] Node Version:  v21.1.0
[debug] [2024-04-22T21:03:41.505Z] Time:          Tue Apr 23 2024 02:33:41 GMT+0530 (India Standard Time)
[debug] [2024-04-22T21:03:41.506Z] ----------------------------------------------------------------------
[debug] 
[debug] [2024-04-22T21:03:41.523Z] > command requires scopes: ["email","openid","https://www.googleapis.com/auth/cloudplatformprojects.readonly","https://www.googleapis.com/auth/firebase","https://www.googleapis.com/auth/cloud-platform"]
[debug] [2024-04-22T21:03:41.523Z] > authorizing via signed-in user (sheikhtabasum2001@gmail.com)
[info] 
     ######## #### ########  ######## ########     ###     ######  ########
     ##        ##  ##     ## ##       ##     ##  ##   ##  ##       ##
     ######    ##  ########  ######   ########  #########  ######  ######
     ##        ##  ##    ##  ##       ##     ## ##     ##       ## ##
     ##       #### ##     ## ######## ########  ##     ##  ######  ########

You're about to initialize a Firebase project in this directory:

  C:\Users\sheik\Desktop\ChatBot\Ai-healthcare-chatbot

[info] 
=== Project Setup
[info] 
[info] First, let's associate this project directory with a Firebase project.
[info] You can create multiple project aliases by running firebase use --add, 
[info] but for now we'll just set up a default project.
[info] 
[debug] [2024-04-22T21:04:14.115Z] >>> [apiv2][query] GET https://firebase.googleapis.com/v1beta1/projects pageSize=100
[debug] [2024-04-22T21:04:15.448Z] <<< [apiv2][status] GET https://firebase.googleapis.com/v1beta1/projects 200
[debug] [2024-04-22T21:04:15.448Z] <<< [apiv2][body] GET https://firebase.googleapis.com/v1beta1/projects [omitted]
[info] i  Using project healthcare-chat-bot-2e726 (HealthCare Chat Bot) 
[info] 
=== Hosting Setup
[debug] [2024-04-22T21:04:23.101Z] >>> [apiv2][query] GET https://firebase.googleapis.com/v1beta1/projects/healthcare-chat-bot-2e726 [none]
[debug] [2024-04-22T21:04:24.164Z] <<< [apiv2][status] GET https://firebase.googleapis.com/v1beta1/projects/healthcare-chat-bot-2e726 200
[debug] [2024-04-22T21:04:24.166Z] <<< [apiv2][body] GET https://firebase.googleapis.com/v1beta1/projects/healthcare-chat-bot-2e726 {"projectId":"healthcare-chat-bot-2e726","projectNumber":"970823655959","displayName":"HealthCare Chat Bot","name":"projects/healthcare-chat-bot-2e726","resources":{"hostingSite":"healthcare-chat-bot-2e726","realtimeDatabaseInstance":"healthcare-chat-bot-2e726-default-rtdb"},"state":"ACTIVE","etag":"1_35f17f17-8693-4dd7-b9e8-7b4a02c46275"}
[info] 
[info] Your public directory is the folder (relative to your project directory) that
[info] will contain Hosting assets to be uploaded with firebase deploy. If you
[info] have a build process for your assets, use your build's output directory.
[info] 
